<?xml version="1.0" encoding="UTF-8"?>
<testng-results ignored="0" total="20" passed="19" failed="1" skipped="0">
  <reporter-output>
  </reporter-output>
  <suite started-at="2024-03-05T19:05:33 IST" name="e-Commarce Automation Test Suite" finished-at="2024-03-05T19:11:48 IST" duration-ms="374739">
    <groups>
    </groups>
    <test started-at="2024-03-05T19:05:33 IST" name="e-Commarce Test Cases" finished-at="2024-03-05T19:11:48 IST" duration-ms="374739">
      <class name="com.qa.tests.HomePageTest">
        <test-method is-config="true" signature="setUp(java.lang.String)[pri:0, instance:com.qa.tests.HomePageTest@e54303]" started-at="2024-03-05T19:07:07 IST" name="setUp" finished-at="2024-03-05T19:07:16 IST" duration-ms="8338" status="PASS">
          <params>
            <param index="0">
              <value>
                <![CDATA[chrome]]>
              </value>
            </param>
          </params>
          <reporter-output>
          </reporter-output>
        </test-method> <!-- setUp -->
        <test-method signature="getHomePageTitleTest()[pri:1, instance:com.qa.tests.HomePageTest@e54303]" started-at="2024-03-05T19:07:16 IST" name="getHomePageTitleTest" finished-at="2024-03-05T19:07:20 IST" duration-ms="4432" status="PASS">
          <reporter-output>
          </reporter-output>
        </test-method> <!-- getHomePageTitleTest -->
        <test-method is-config="true" signature="tearDown()[pri:0, instance:com.qa.tests.HomePageTest@e54303]" started-at="2024-03-05T19:07:20 IST" name="tearDown" finished-at="2024-03-05T19:07:21 IST" duration-ms="430" status="PASS">
          <reporter-output>
          </reporter-output>
        </test-method> <!-- tearDown -->
        <test-method is-config="true" signature="setUp(java.lang.String)[pri:0, instance:com.qa.tests.HomePageTest@e54303]" started-at="2024-03-05T19:07:21 IST" name="setUp" finished-at="2024-03-05T19:07:31 IST" duration-ms="10481" status="PASS">
          <params>
            <param index="0">
              <value>
                <![CDATA[chrome]]>
              </value>
            </param>
          </params>
          <reporter-output>
          </reporter-output>
        </test-method> <!-- setUp -->
        <test-method signature="verifyHomePageIcon()[pri:2, instance:com.qa.tests.HomePageTest@e54303]" started-at="2024-03-05T19:07:31 IST" name="verifyHomePageIcon" finished-at="2024-03-05T19:07:36 IST" duration-ms="4427" status="PASS">
          <reporter-output>
          </reporter-output>
        </test-method> <!-- verifyHomePageIcon -->
        <test-method is-config="true" signature="tearDown()[pri:0, instance:com.qa.tests.HomePageTest@e54303]" started-at="2024-03-05T19:07:36 IST" name="tearDown" finished-at="2024-03-05T19:07:36 IST" duration-ms="432" status="PASS">
          <reporter-output>
          </reporter-output>
        </test-method> <!-- tearDown -->
        <test-method is-config="true" signature="setUp(java.lang.String)[pri:0, instance:com.qa.tests.HomePageTest@e54303]" started-at="2024-03-05T19:07:36 IST" name="setUp" finished-at="2024-03-05T19:07:44 IST" duration-ms="7963" status="PASS">
          <params>
            <param index="0">
              <value>
                <![CDATA[chrome]]>
              </value>
            </param>
          </params>
          <reporter-output>
          </reporter-output>
        </test-method> <!-- setUp -->
        <test-method signature="verifyTopDashboardBtnCount()[pri:3, instance:com.qa.tests.HomePageTest@e54303]" started-at="2024-03-05T19:07:44 IST" name="verifyTopDashboardBtnCount" finished-at="2024-03-05T19:07:48 IST" duration-ms="4450" status="PASS">
          <reporter-output>
          </reporter-output>
        </test-method> <!-- verifyTopDashboardBtnCount -->
        <test-method is-config="true" signature="tearDown()[pri:0, instance:com.qa.tests.HomePageTest@e54303]" started-at="2024-03-05T19:07:48 IST" name="tearDown" finished-at="2024-03-05T19:07:49 IST" duration-ms="522" status="PASS">
          <reporter-output>
          </reporter-output>
        </test-method> <!-- tearDown -->
        <test-method is-config="true" signature="setUp(java.lang.String)[pri:0, instance:com.qa.tests.HomePageTest@e54303]" started-at="2024-03-05T19:07:49 IST" name="setUp" finished-at="2024-03-05T19:07:57 IST" duration-ms="7809" status="PASS">
          <params>
            <param index="0">
              <value>
                <![CDATA[chrome]]>
              </value>
            </param>
          </params>
          <reporter-output>
          </reporter-output>
        </test-method> <!-- setUp -->
        <test-method signature="verifyItemsCount()[pri:4, instance:com.qa.tests.HomePageTest@e54303]" started-at="2024-03-05T19:07:57 IST" name="verifyItemsCount" finished-at="2024-03-05T19:08:01 IST" duration-ms="4411" status="PASS">
          <reporter-output>
          </reporter-output>
        </test-method> <!-- verifyItemsCount -->
        <test-method is-config="true" signature="tearDown()[pri:0, instance:com.qa.tests.HomePageTest@e54303]" started-at="2024-03-05T19:08:01 IST" name="tearDown" finished-at="2024-03-05T19:08:02 IST" duration-ms="423" status="PASS">
          <reporter-output>
          </reporter-output>
        </test-method> <!-- tearDown -->
        <test-method is-config="true" signature="setUp(java.lang.String)[pri:0, instance:com.qa.tests.HomePageTest@e54303]" started-at="2024-03-05T19:08:02 IST" name="setUp" finished-at="2024-03-05T19:08:11 IST" duration-ms="9246" status="PASS">
          <params>
            <param index="0">
              <value>
                <![CDATA[chrome]]>
              </value>
            </param>
          </params>
          <reporter-output>
          </reporter-output>
        </test-method> <!-- setUp -->
        <test-method signature="addToCartProduct()[pri:5, instance:com.qa.tests.HomePageTest@e54303]" started-at="2024-03-05T19:08:11 IST" name="addToCartProduct" finished-at="2024-03-05T19:08:21 IST" duration-ms="10253" status="PASS">
          <reporter-output>
          </reporter-output>
        </test-method> <!-- addToCartProduct -->
        <test-method is-config="true" signature="tearDown()[pri:0, instance:com.qa.tests.HomePageTest@e54303]" started-at="2024-03-05T19:08:21 IST" name="tearDown" finished-at="2024-03-05T19:08:22 IST" duration-ms="432" status="PASS">
          <reporter-output>
          </reporter-output>
        </test-method> <!-- tearDown -->
      </class> <!-- com.qa.tests.HomePageTest -->
      <class name="com.qa.tests.LoginTest">
        <test-method is-config="true" signature="setUp(java.lang.String)[pri:0, instance:com.qa.tests.LoginTest@1a6c1270]" started-at="2024-03-05T19:05:33 IST" name="setUp" finished-at="2024-03-05T19:06:04 IST" duration-ms="31316" status="PASS">
          <params>
            <param index="0">
              <value>
                <![CDATA[chrome]]>
              </value>
            </param>
          </params>
          <reporter-output>
          </reporter-output>
        </test-method> <!-- setUp -->
        <test-method signature="loginTest()[pri:1, instance:com.qa.tests.LoginTest@1a6c1270]" started-at="2024-03-05T19:06:04 IST" name="loginTest" finished-at="2024-03-05T19:06:08 IST" duration-ms="3478" status="PASS">
          <reporter-output>
          </reporter-output>
        </test-method> <!-- loginTest -->
        <test-method is-config="true" signature="tearDown()[pri:0, instance:com.qa.tests.LoginTest@1a6c1270]" started-at="2024-03-05T19:06:08 IST" name="tearDown" finished-at="2024-03-05T19:06:08 IST" duration-ms="485" status="PASS">
          <reporter-output>
          </reporter-output>
        </test-method> <!-- tearDown -->
        <test-method is-config="true" signature="setUp(java.lang.String)[pri:0, instance:com.qa.tests.LoginTest@1a6c1270]" started-at="2024-03-05T19:06:08 IST" name="setUp" finished-at="2024-03-05T19:06:17 IST" duration-ms="8375" status="PASS">
          <params>
            <param index="0">
              <value>
                <![CDATA[chrome]]>
              </value>
            </param>
          </params>
          <reporter-output>
          </reporter-output>
        </test-method> <!-- setUp -->
        <test-method signature="loginFailTest()[pri:2, instance:com.qa.tests.LoginTest@1a6c1270]" started-at="2024-03-05T19:06:17 IST" name="loginFailTest" finished-at="2024-03-05T19:06:18 IST" duration-ms="1213" status="PASS">
          <reporter-output>
          </reporter-output>
        </test-method> <!-- loginFailTest -->
        <test-method is-config="true" signature="tearDown()[pri:0, instance:com.qa.tests.LoginTest@1a6c1270]" started-at="2024-03-05T19:06:18 IST" name="tearDown" finished-at="2024-03-05T19:06:19 IST" duration-ms="1083" status="PASS">
          <reporter-output>
          </reporter-output>
        </test-method> <!-- tearDown -->
        <test-method is-config="true" signature="setUp(java.lang.String)[pri:0, instance:com.qa.tests.LoginTest@1a6c1270]" started-at="2024-03-05T19:06:19 IST" name="setUp" finished-at="2024-03-05T19:06:28 IST" duration-ms="9106" status="PASS">
          <params>
            <param index="0">
              <value>
                <![CDATA[chrome]]>
              </value>
            </param>
          </params>
          <reporter-output>
          </reporter-output>
        </test-method> <!-- setUp -->
        <test-method signature="verifyForgotPasswordLink()[pri:3, instance:com.qa.tests.LoginTest@1a6c1270]" started-at="2024-03-05T19:06:28 IST" name="verifyForgotPasswordLink" finished-at="2024-03-05T19:06:28 IST" duration-ms="50" status="PASS">
          <reporter-output>
          </reporter-output>
        </test-method> <!-- verifyForgotPasswordLink -->
        <test-method is-config="true" signature="tearDown()[pri:0, instance:com.qa.tests.LoginTest@1a6c1270]" started-at="2024-03-05T19:06:28 IST" name="tearDown" finished-at="2024-03-05T19:06:29 IST" duration-ms="376" status="PASS">
          <reporter-output>
          </reporter-output>
        </test-method> <!-- tearDown -->
        <test-method is-config="true" signature="setUp(java.lang.String)[pri:0, instance:com.qa.tests.LoginTest@1a6c1270]" started-at="2024-03-05T19:06:29 IST" name="setUp" finished-at="2024-03-05T19:06:37 IST" duration-ms="8464" status="PASS">
          <params>
            <param index="0">
              <value>
                <![CDATA[chrome]]>
              </value>
            </param>
          </params>
          <reporter-output>
          </reporter-output>
        </test-method> <!-- setUp -->
        <test-method signature="getNewUserRegistration()[pri:4, instance:com.qa.tests.LoginTest@1a6c1270]" started-at="2024-03-05T19:06:37 IST" name="getNewUserRegistration" finished-at="2024-03-05T19:06:45 IST" duration-ms="7469" status="FAIL">
          <exception class="org.openqa.selenium.NoSuchElementException">
            <message>
              <![CDATA[no such element: Unable to locate element: {"method":"xpath","selector":"//h1[text()='Account Created Successfully']"}
  (Session info: chrome=122.0.6261.95)
For documentation on this error, please visit: https://www.selenium.dev/documentation/webdriver/troubleshooting/errors#no-such-element-exception
Build info: version: '4.10.0', revision: 'c14d967899'
System info: os.name: 'Windows 10', os.arch: 'amd64', os.version: '10.0', java.version: '17.0.8'
Driver info: org.openqa.selenium.chrome.ChromeDriver
Command: [0db77713a06cb3b17a519364ac4010ee, findElement {using=xpath, value=//h1[text()='Account Created Successfully']}]
Capabilities {acceptInsecureCerts: false, browserName: chrome, browserVersion: 122.0.6261.95, chrome: {chromedriverVersion: 122.0.6261.94 (880dbf29479c..., userDataDir: C:\Users\Abhay\AppData\Loca...}, fedcm:accounts: true, goog:chromeOptions: {debuggerAddress: localhost:56424}, networkConnectionEnabled: false, pageLoadStrategy: normal, platformName: windows, proxy: Proxy(), se:cdp: ws://localhost:56424/devtoo..., se:cdpVersion: 122.0.6261.95, setWindowRect: true, strictFileInteractability: false, timeouts: {implicit: 0, pageLoad: 300000, script: 30000}, unhandledPromptBehavior: dismiss and notify, webauthn:extension:credBlob: true, webauthn:extension:largeBlob: true, webauthn:extension:minPinLength: true, webauthn:extension:prf: true, webauthn:virtualAuthenticators: true}
Session ID: 0db77713a06cb3b17a519364ac4010ee]]>
            </message>
            <full-stacktrace>
              <![CDATA[org.openqa.selenium.NoSuchElementException: no such element: Unable to locate element: {"method":"xpath","selector":"//h1[text()='Account Created Successfully']"}
  (Session info: chrome=122.0.6261.95)
For documentation on this error, please visit: https://www.selenium.dev/documentation/webdriver/troubleshooting/errors#no-such-element-exception
Build info: version: '4.10.0', revision: 'c14d967899'
System info: os.name: 'Windows 10', os.arch: 'amd64', os.version: '10.0', java.version: '17.0.8'
Driver info: org.openqa.selenium.chrome.ChromeDriver
Command: [0db77713a06cb3b17a519364ac4010ee, findElement {using=xpath, value=//h1[text()='Account Created Successfully']}]
Capabilities {acceptInsecureCerts: false, browserName: chrome, browserVersion: 122.0.6261.95, chrome: {chromedriverVersion: 122.0.6261.94 (880dbf29479c..., userDataDir: C:\Users\Abhay\AppData\Loca...}, fedcm:accounts: true, goog:chromeOptions: {debuggerAddress: localhost:56424}, networkConnectionEnabled: false, pageLoadStrategy: normal, platformName: windows, proxy: Proxy(), se:cdp: ws://localhost:56424/devtoo..., se:cdpVersion: 122.0.6261.95, setWindowRect: true, strictFileInteractability: false, timeouts: {implicit: 0, pageLoad: 300000, script: 30000}, unhandledPromptBehavior: dismiss and notify, webauthn:extension:credBlob: true, webauthn:extension:largeBlob: true, webauthn:extension:minPinLength: true, webauthn:extension:prf: true, webauthn:virtualAuthenticators: true}
Session ID: 0db77713a06cb3b17a519364ac4010ee
at java.base/jdk.internal.reflect.NativeConstructorAccessorImpl.newInstance0(Native Method)
at java.base/jdk.internal.reflect.NativeConstructorAccessorImpl.newInstance(NativeConstructorAccessorImpl.java:77)
at java.base/jdk.internal.reflect.DelegatingConstructorAccessorImpl.newInstance(DelegatingConstructorAccessorImpl.java:45)
at java.base/java.lang.reflect.Constructor.newInstanceWithCaller(Constructor.java:499)
at java.base/java.lang.reflect.Constructor.newInstance(Constructor.java:480)
at org.openqa.selenium.remote.codec.w3c.W3CHttpResponseCodec.createException(W3CHttpResponseCodec.java:199)
at org.openqa.selenium.remote.codec.w3c.W3CHttpResponseCodec.decode(W3CHttpResponseCodec.java:132)
at org.openqa.selenium.remote.codec.w3c.W3CHttpResponseCodec.decode(W3CHttpResponseCodec.java:51)
at org.openqa.selenium.remote.HttpCommandExecutor.execute(HttpCommandExecutor.java:191)
at org.openqa.selenium.remote.service.DriverCommandExecutor.invokeExecute(DriverCommandExecutor.java:196)
at org.openqa.selenium.remote.service.DriverCommandExecutor.execute(DriverCommandExecutor.java:171)
at org.openqa.selenium.remote.RemoteWebDriver.execute(RemoteWebDriver.java:531)
at org.openqa.selenium.remote.ElementLocation$ElementFinder$2.findElement(ElementLocation.java:165)
at org.openqa.selenium.remote.ElementLocation.findElement(ElementLocation.java:59)
at org.openqa.selenium.remote.RemoteWebDriver.findElement(RemoteWebDriver.java:350)
at org.openqa.selenium.remote.RemoteWebDriver.findElement(RemoteWebDriver.java:344)
at org.openqa.selenium.support.pagefactory.DefaultElementLocator.findElement(DefaultElementLocator.java:68)
at org.openqa.selenium.support.pagefactory.internal.LocatingElementHandler.invoke(LocatingElementHandler.java:38)
at jdk.proxy2/jdk.proxy2.$Proxy19.getText(Unknown Source)
at com.qa.pages.LoginPage.verifyNewUserRegvalidationMessage(LoginPage.java:118)
at com.qa.tests.LoginTest.getNewUserRegistration(LoginTest.java:60)
at java.base/jdk.internal.reflect.NativeMethodAccessorImpl.invoke0(Native Method)
at java.base/jdk.internal.reflect.NativeMethodAccessorImpl.invoke(NativeMethodAccessorImpl.java:77)
at java.base/jdk.internal.reflect.DelegatingMethodAccessorImpl.invoke(DelegatingMethodAccessorImpl.java:43)
at java.base/java.lang.reflect.Method.invoke(Method.java:568)
at org.testng.internal.invokers.MethodInvocationHelper.invokeMethod(MethodInvocationHelper.java:139)
at org.testng.internal.invokers.TestInvoker.invokeMethod(TestInvoker.java:664)
at org.testng.internal.invokers.TestInvoker.invokeTestMethod(TestInvoker.java:227)
at org.testng.internal.invokers.MethodRunner.runInSequence(MethodRunner.java:50)
at org.testng.internal.invokers.TestInvoker$MethodInvocationAgent.invoke(TestInvoker.java:957)
at org.testng.internal.invokers.TestInvoker.invokeTestMethods(TestInvoker.java:200)
at org.testng.internal.invokers.TestMethodWorker.invokeTestMethods(TestMethodWorker.java:148)
at org.testng.internal.invokers.TestMethodWorker.run(TestMethodWorker.java:128)
at java.base/java.util.ArrayList.forEach(ArrayList.java:1511)
at org.testng.TestRunner.privateRun(TestRunner.java:848)
at org.testng.TestRunner.run(TestRunner.java:621)
at org.testng.SuiteRunner.runTest(SuiteRunner.java:443)
at org.testng.SuiteRunner.runSequentially(SuiteRunner.java:437)
at org.testng.SuiteRunner.privateRun(SuiteRunner.java:397)
at org.testng.SuiteRunner.run(SuiteRunner.java:336)
at org.testng.SuiteRunnerWorker.runSuite(SuiteRunnerWorker.java:52)
at org.testng.SuiteRunnerWorker.run(SuiteRunnerWorker.java:95)
at org.testng.TestNG.runSuitesSequentially(TestNG.java:1280)
at org.testng.TestNG.runSuitesLocally(TestNG.java:1200)
at org.testng.TestNG.runSuites(TestNG.java:1114)
at org.testng.TestNG.run(TestNG.java:1082)
at org.testng.remote.AbstractRemoteTestNG.run(AbstractRemoteTestNG.java:115)
at org.testng.remote.RemoteTestNG.initAndRun(RemoteTestNG.java:251)
at org.testng.remote.RemoteTestNG.main(RemoteTestNG.java:77)
]]>
            </full-stacktrace>
          </exception> <!-- org.openqa.selenium.NoSuchElementException -->
          <reporter-output>
          </reporter-output>
        </test-method> <!-- getNewUserRegistration -->
        <test-method is-config="true" signature="tearDown()[pri:0, instance:com.qa.tests.LoginTest@1a6c1270]" started-at="2024-03-05T19:06:45 IST" name="tearDown" finished-at="2024-03-05T19:06:46 IST" duration-ms="1009" status="PASS">
          <reporter-output>
          </reporter-output>
        </test-method> <!-- tearDown -->
        <test-method is-config="true" signature="setUp(java.lang.String)[pri:0, instance:com.qa.tests.LoginTest@1a6c1270]" started-at="2024-03-05T19:06:46 IST" name="setUp" finished-at="2024-03-05T19:07:03 IST" duration-ms="16579" status="PASS">
          <params>
            <param index="0">
              <value>
                <![CDATA[chrome]]>
              </value>
            </param>
          </params>
          <reporter-output>
          </reporter-output>
        </test-method> <!-- setUp -->
        <test-method signature="getExistsUserRegistration()[pri:5, instance:com.qa.tests.LoginTest@1a6c1270]" started-at="2024-03-05T19:07:03 IST" name="getExistsUserRegistration" finished-at="2024-03-05T19:07:07 IST" duration-ms="4466" status="PASS">
          <reporter-output>
          </reporter-output>
        </test-method> <!-- getExistsUserRegistration -->
        <test-method is-config="true" signature="tearDown()[pri:0, instance:com.qa.tests.LoginTest@1a6c1270]" started-at="2024-03-05T19:07:07 IST" name="tearDown" finished-at="2024-03-05T19:07:07 IST" duration-ms="435" status="PASS">
          <reporter-output>
          </reporter-output>
        </test-method> <!-- tearDown -->
      </class> <!-- com.qa.tests.LoginTest -->
      <class name="com.qa.tests.OrderReceiptPageTest">
        <test-method is-config="true" signature="setUp(java.lang.String)[pri:0, instance:com.qa.tests.OrderReceiptPageTest@64b73e7a]" started-at="2024-03-05T19:11:13 IST" name="setUp" finished-at="2024-03-05T19:11:22 IST" duration-ms="9392" status="PASS">
          <params>
            <param index="0">
              <value>
                <![CDATA[chrome]]>
              </value>
            </param>
          </params>
          <reporter-output>
          </reporter-output>
        </test-method> <!-- setUp -->
        <test-method signature="verifyOrderReceipt()[pri:1, instance:com.qa.tests.OrderReceiptPageTest@64b73e7a]" started-at="2024-03-05T19:11:22 IST" name="verifyOrderReceipt" finished-at="2024-03-05T19:11:47 IST" duration-ms="24838" status="PASS">
          <reporter-output>
          </reporter-output>
        </test-method> <!-- verifyOrderReceipt -->
        <test-method is-config="true" signature="tearDown()[pri:0, instance:com.qa.tests.OrderReceiptPageTest@64b73e7a]" started-at="2024-03-05T19:11:47 IST" name="tearDown" finished-at="2024-03-05T19:11:48 IST" duration-ms="555" status="PASS">
          <reporter-output>
          </reporter-output>
        </test-method> <!-- tearDown -->
      </class> <!-- com.qa.tests.OrderReceiptPageTest -->
      <class name="com.qa.tests.FilterSearchTest">
        <test-method is-config="true" signature="setUp(java.lang.String)[pri:0, instance:com.qa.tests.FilterSearchTest@2f40e5db]" started-at="2024-03-05T19:10:11 IST" name="setUp" finished-at="2024-03-05T19:10:18 IST" duration-ms="7171" status="PASS">
          <params>
            <param index="0">
              <value>
                <![CDATA[chrome]]>
              </value>
            </param>
          </params>
          <reporter-output>
          </reporter-output>
        </test-method> <!-- setUp -->
        <test-method signature="verifySearchFilter()[pri:1, instance:com.qa.tests.FilterSearchTest@2f40e5db]" started-at="2024-03-05T19:10:18 IST" name="verifySearchFilter" finished-at="2024-03-05T19:10:27 IST" duration-ms="8800" status="PASS">
          <reporter-output>
          </reporter-output>
        </test-method> <!-- verifySearchFilter -->
        <test-method is-config="true" signature="tearDown()[pri:0, instance:com.qa.tests.FilterSearchTest@2f40e5db]" started-at="2024-03-05T19:10:27 IST" name="tearDown" finished-at="2024-03-05T19:10:27 IST" duration-ms="496" status="PASS">
          <reporter-output>
          </reporter-output>
        </test-method> <!-- tearDown -->
        <test-method is-config="true" signature="setUp(java.lang.String)[pri:0, instance:com.qa.tests.FilterSearchTest@2f40e5db]" started-at="2024-03-05T19:10:27 IST" name="setUp" finished-at="2024-03-05T19:10:35 IST" duration-ms="7694" status="PASS">
          <params>
            <param index="0">
              <value>
                <![CDATA[chrome]]>
              </value>
            </param>
          </params>
          <reporter-output>
          </reporter-output>
        </test-method> <!-- setUp -->
        <test-method signature="verifyMinMaxSearchFilter()[pri:2, instance:com.qa.tests.FilterSearchTest@2f40e5db]" started-at="2024-03-05T19:10:35 IST" name="verifyMinMaxSearchFilter" finished-at="2024-03-05T19:10:43 IST" duration-ms="7908" status="PASS">
          <reporter-output>
          </reporter-output>
        </test-method> <!-- verifyMinMaxSearchFilter -->
        <test-method is-config="true" signature="tearDown()[pri:0, instance:com.qa.tests.FilterSearchTest@2f40e5db]" started-at="2024-03-05T19:10:43 IST" name="tearDown" finished-at="2024-03-05T19:10:43 IST" duration-ms="553" status="PASS">
          <reporter-output>
          </reporter-output>
        </test-method> <!-- tearDown -->
        <test-method is-config="true" signature="setUp(java.lang.String)[pri:0, instance:com.qa.tests.FilterSearchTest@2f40e5db]" started-at="2024-03-05T19:10:43 IST" name="setUp" finished-at="2024-03-05T19:10:51 IST" duration-ms="7964" status="PASS">
          <params>
            <param index="0">
              <value>
                <![CDATA[chrome]]>
              </value>
            </param>
          </params>
          <reporter-output>
          </reporter-output>
        </test-method> <!-- setUp -->
        <test-method signature="verifyCheckboxSearchFilter()[pri:3, instance:com.qa.tests.FilterSearchTest@2f40e5db]" started-at="2024-03-05T19:10:51 IST" name="verifyCheckboxSearchFilter" finished-at="2024-03-05T19:10:59 IST" duration-ms="7671" status="PASS">
          <reporter-output>
          </reporter-output>
        </test-method> <!-- verifyCheckboxSearchFilter -->
        <test-method is-config="true" signature="tearDown()[pri:0, instance:com.qa.tests.FilterSearchTest@2f40e5db]" started-at="2024-03-05T19:10:59 IST" name="tearDown" finished-at="2024-03-05T19:10:59 IST" duration-ms="443" status="PASS">
          <reporter-output>
          </reporter-output>
        </test-method> <!-- tearDown -->
      </class> <!-- com.qa.tests.FilterSearchTest -->
      <class name="com.qa.tests.PaymentPageTest">
        <test-method is-config="true" signature="setUp(java.lang.String)[pri:0, instance:com.qa.tests.PaymentPageTest@2dc995f4]" started-at="2024-03-05T19:09:44 IST" name="setUp" finished-at="2024-03-05T19:09:51 IST" duration-ms="7333" status="PASS">
          <params>
            <param index="0">
              <value>
                <![CDATA[chrome]]>
              </value>
            </param>
          </params>
          <reporter-output>
          </reporter-output>
        </test-method> <!-- setUp -->
        <test-method signature="addPaymentInfo()[pri:1, instance:com.qa.tests.PaymentPageTest@2dc995f4]" started-at="2024-03-05T19:09:51 IST" name="addPaymentInfo" finished-at="2024-03-05T19:10:10 IST" duration-ms="18959" status="PASS">
          <reporter-output>
          </reporter-output>
        </test-method> <!-- addPaymentInfo -->
        <test-method is-config="true" signature="tearDown()[pri:0, instance:com.qa.tests.PaymentPageTest@2dc995f4]" started-at="2024-03-05T19:10:10 IST" name="tearDown" finished-at="2024-03-05T19:10:11 IST" duration-ms="572" status="PASS">
          <reporter-output>
          </reporter-output>
        </test-method> <!-- tearDown -->
      </class> <!-- com.qa.tests.PaymentPageTest -->
      <class name="com.qa.tests.CartPageTest">
        <test-method is-config="true" signature="setUp(java.lang.String)[pri:0, instance:com.qa.tests.CartPageTest@e8df99a]" started-at="2024-03-05T19:08:22 IST" name="setUp" finished-at="2024-03-05T19:08:28 IST" duration-ms="6476" status="PASS">
          <params>
            <param index="0">
              <value>
                <![CDATA[chrome]]>
              </value>
            </param>
          </params>
          <reporter-output>
          </reporter-output>
        </test-method> <!-- setUp -->
        <test-method signature="verifyContinueButton()[pri:1, instance:com.qa.tests.CartPageTest@e8df99a]" started-at="2024-03-05T19:08:28 IST" name="verifyContinueButton" finished-at="2024-03-05T19:08:41 IST" duration-ms="13165" status="PASS">
          <reporter-output>
          </reporter-output>
        </test-method> <!-- verifyContinueButton -->
        <test-method is-config="true" signature="tearDown()[pri:0, instance:com.qa.tests.CartPageTest@e8df99a]" started-at="2024-03-05T19:08:41 IST" name="tearDown" finished-at="2024-03-05T19:08:42 IST" duration-ms="633" status="PASS">
          <reporter-output>
          </reporter-output>
        </test-method> <!-- tearDown -->
        <test-method is-config="true" signature="setUp(java.lang.String)[pri:0, instance:com.qa.tests.CartPageTest@e8df99a]" started-at="2024-03-05T19:08:42 IST" name="setUp" finished-at="2024-03-05T19:08:49 IST" duration-ms="7513" status="PASS">
          <params>
            <param index="0">
              <value>
                <![CDATA[chrome]]>
              </value>
            </param>
          </params>
          <reporter-output>
          </reporter-output>
        </test-method> <!-- setUp -->
        <test-method signature="verifyCheckOutButton()[pri:2, instance:com.qa.tests.CartPageTest@e8df99a]" started-at="2024-03-05T19:08:49 IST" name="verifyCheckOutButton" finished-at="2024-03-05T19:09:00 IST" duration-ms="10830" status="PASS">
          <reporter-output>
          </reporter-output>
        </test-method> <!-- verifyCheckOutButton -->
        <test-method is-config="true" signature="tearDown()[pri:0, instance:com.qa.tests.CartPageTest@e8df99a]" started-at="2024-03-05T19:09:00 IST" name="tearDown" finished-at="2024-03-05T19:09:01 IST" duration-ms="720" status="PASS">
          <reporter-output>
          </reporter-output>
        </test-method> <!-- tearDown -->
        <test-method is-config="true" signature="setUp(java.lang.String)[pri:0, instance:com.qa.tests.CartPageTest@e8df99a]" started-at="2024-03-05T19:09:01 IST" name="setUp" finished-at="2024-03-05T19:09:08 IST" duration-ms="6886" status="PASS">
          <params>
            <param index="0">
              <value>
                <![CDATA[chrome]]>
              </value>
            </param>
          </params>
          <reporter-output>
          </reporter-output>
        </test-method> <!-- setUp -->
        <test-method signature="verifyBuyNowButton()[pri:3, instance:com.qa.tests.CartPageTest@e8df99a]" started-at="2024-03-05T19:09:08 IST" name="verifyBuyNowButton" finished-at="2024-03-05T19:09:19 IST" duration-ms="11245" status="PASS">
          <reporter-output>
          </reporter-output>
        </test-method> <!-- verifyBuyNowButton -->
        <test-method is-config="true" signature="tearDown()[pri:0, instance:com.qa.tests.CartPageTest@e8df99a]" started-at="2024-03-05T19:09:19 IST" name="tearDown" finished-at="2024-03-05T19:09:20 IST" duration-ms="502" status="PASS">
          <reporter-output>
          </reporter-output>
        </test-method> <!-- tearDown -->
        <test-method is-config="true" signature="setUp(java.lang.String)[pri:0, instance:com.qa.tests.CartPageTest@e8df99a]" started-at="2024-03-05T19:09:20 IST" name="setUp" finished-at="2024-03-05T19:09:28 IST" duration-ms="8647" status="PASS">
          <params>
            <param index="0">
              <value>
                <![CDATA[chrome]]>
              </value>
            </param>
          </params>
          <reporter-output>
          </reporter-output>
        </test-method> <!-- setUp -->
        <test-method signature="verifyDeleteProductButton()[pri:4, instance:com.qa.tests.CartPageTest@e8df99a]" started-at="2024-03-05T19:09:28 IST" name="verifyDeleteProductButton" finished-at="2024-03-05T19:09:43 IST" duration-ms="14898" status="PASS">
          <reporter-output>
          </reporter-output>
        </test-method> <!-- verifyDeleteProductButton -->
        <test-method is-config="true" signature="tearDown()[pri:0, instance:com.qa.tests.CartPageTest@e8df99a]" started-at="2024-03-05T19:09:43 IST" name="tearDown" finished-at="2024-03-05T19:09:44 IST" duration-ms="631" status="PASS">
          <reporter-output>
          </reporter-output>
        </test-method> <!-- tearDown -->
      </class> <!-- com.qa.tests.CartPageTest -->
      <class name="com.qa.tests.OrderPageTest">
        <test-method is-config="true" signature="setUp(java.lang.String)[pri:0, instance:com.qa.tests.OrderPageTest@517566b]" started-at="2024-03-05T19:10:59 IST" name="setUp" finished-at="2024-03-05T19:11:08 IST" duration-ms="8364" status="PASS">
          <params>
            <param index="0">
              <value>
                <![CDATA[chrome]]>
              </value>
            </param>
          </params>
          <reporter-output>
          </reporter-output>
        </test-method> <!-- setUp -->
        <test-method signature="verifyOrderHistory()[pri:1, instance:com.qa.tests.OrderPageTest@517566b]" started-at="2024-03-05T19:11:08 IST" name="verifyOrderHistory" finished-at="2024-03-05T19:11:13 IST" duration-ms="4843" status="PASS">
          <reporter-output>
          </reporter-output>
        </test-method> <!-- verifyOrderHistory -->
        <test-method is-config="true" signature="tearDown()[pri:0, instance:com.qa.tests.OrderPageTest@517566b]" started-at="2024-03-05T19:11:13 IST" name="tearDown" finished-at="2024-03-05T19:11:13 IST" duration-ms="448" status="PASS">
          <reporter-output>
          </reporter-output>
        </test-method> <!-- tearDown -->
      </class> <!-- com.qa.tests.OrderPageTest -->
    </test> <!-- e-Commarce Test Cases -->
  </suite> <!-- e-Commarce Automation Test Suite -->
</testng-results>
