<?xml version="1.0" encoding="UTF-8"?>
<!-- Generated by org.testng.reporters.JUnitXMLReporter -->
<testsuite ignored="0" hostname="LAIMUMLT9002" failures="0" tests="9" name="HomePage Test Cases" time="147.202" errors="0" timestamp="2024-03-03T13:32:32 IST">
  <testcase classname="com.qa.tests.LoginTest" name="loginTest" time="4.783"/>
  <testcase classname="com.qa.tests.HomePageTest" name="getHomePageTitleTest" time="10.816"/>
  <testcase classname="com.qa.tests.LoginTest" name="loginFailTest" time="0.0">
    <skipped/>
  </testcase> <!-- loginFailTest -->
  <testcase classname="com.qa.tests.LoginTest" name="verifyForgotPasswordLink" time="0.0">
    <skipped/>
  </testcase> <!-- verifyForgotPasswordLink -->
  <testcase classname="com.qa.tests.LoginTest" name="getNewUserRegistration" time="0.0">
    <skipped/>
  </testcase> <!-- getNewUserRegistration -->
  <testcase classname="com.qa.tests.LoginTest" name="getExistsUserRegistration" time="0.001">
    <skipped/>
  </testcase> <!-- getExistsUserRegistration -->
  <testcase classname="com.qa.tests.HomePageTest" name="verifyHomePageIcon" time="4.828"/>
  <testcase classname="com.qa.tests.HomePageTest" name="verifyTopDashboardBtnCount" time="4.567"/>
  <testcase classname="com.qa.tests.HomePageTest" name="verifyItemsCount" time="4.523"/>
</testsuite> <!-- HomePage Test Cases -->
